<?xml version="1.0" encoding="UTF-8" ?>
<testsuite tests="4" failures="0" name="com.nilangpatel.test.dao.CountryLanguageDAOTest" time="0.009" errors="0" skipped="0">
  <properties>
[...]
</properties>
  <testcase classname="com.nilangpatel.test.dao.CountryLanguageDAOTest" name="testLanguageExists" time="0.006"/>
  <testcase classname="com.nilangpatel.test.dao.CountryLanguageDAOTest" name="testGetLanguages" time="0"/>
  <testcase classname="com.nilangpatel.test.dao.CountryLanguageDAOTest" name="testDeleteLanguage" time="0.001"/>
  <testcase classname="com.nilangpatel.test.dao.CountryLanguageDAOTest" name="testAddLanguage" time="0.002"/>
</testsuite>